The target system is: Generic -  - armv6k
The host system is: Linux - 5.4.72-microsoft-standard-WSL2 - x86_64
Compiling the C compiler identification source file "CMakeCCompilerId.c" succeeded.
Compiler: /opt/devkitpro/devkitARM/bin/arm-none-eabi-gcc 
Build flags: ;-mword-relocations;-march=armv6k;-mtune=mpcore;-mfloat-abi=hard;-mfpu=vfpv2;-mtp=soft;
Id flags:  

The output was:
0
/opt/devkitpro/devkitARM/bin/../lib/gcc/arm-none-eabi/11.1.0/../../../../arm-none-eabi/bin/ld: warning: cannot find entry symbol _start; defaulting to 0000000000008018


Compilation of the C compiler identification source "CMakeCCompilerId.c" produced "a.out"

The C compiler identification is GNU, found in "/mnt/c/Users/Evan/Projects/mm3dr/code/loader/build/CMakeFiles/3.21.1/CompilerIdC/a.out"

Checking whether the ASM compiler is GNU using "--version" matched "(GNU assembler)|(GCC)|(Free Software Foundation)":
arm-none-eabi-gcc (devkitARM release 56) 11.1.0
Copyright (C) 2021 Free Software Foundation, Inc.
This is free software; see the source for copying conditions.  There is NO
warranty; not even for MERCHANTABILITY or FITNESS FOR A PARTICULAR PURPOSE.

Detecting C compiler ABI info compiled with the following output:
Change Dir: /mnt/c/Users/Evan/Projects/mm3dr/code/loader/build/CMakeFiles/CMakeTmp

Run Build Command(s):/usr/bin/make -f Makefile cmTC_fd0a0/fast && make[1]: Entering directory '/mnt/c/Users/Evan/Projects/mm3dr/code/loader/build/CMakeFiles/CMakeTmp'
make[1]: Warning: File 'Makefile' has modification time 0.037 s in the future
/usr/bin/make  -f CMakeFiles/cmTC_fd0a0.dir/build.make CMakeFiles/cmTC_fd0a0.dir/build
make[2]: Entering directory '/mnt/c/Users/Evan/Projects/mm3dr/code/loader/build/CMakeFiles/CMakeTmp'
make[2]: Warning: File 'CMakeFiles/cmTC_fd0a0.dir/flags.make' has modification time 0.019 s in the future
Building C object CMakeFiles/cmTC_fd0a0.dir/CMakeCCompilerABI.c.obj
/opt/devkitpro/devkitARM/bin/arm-none-eabi-gcc -DARM11 -D_3DS  -mword-relocations -march=armv6k -mtune=mpcore -mfloat-abi=hard -mfpu=vfpv2 -mtp=soft     -v -o CMakeFiles/cmTC_fd0a0.dir/CMakeCCompilerABI.c.obj -c /usr/local/share/cmake-3.21/Modules/CMakeCCompilerABI.c
Using built-in specs.
COLLECT_GCC=/opt/devkitpro/devkitARM/bin/arm-none-eabi-gcc
Target: arm-none-eabi
Configured with: ../../gcc-11.1.0/configure --enable-languages=c,c++,objc,lto --with-gnu-as --with-gnu-ld --with-gcc --with-march=armv4t --enable-cxx-flags=-ffunction-sections --disable-libstdcxx-verbose --enable-poison-system-directories --enable-interwork --enable-multilib --enable-threads --disable-win32-registry --disable-nls --disable-debug --disable-libmudflap --disable-libssp --disable-libgomp --disable-libstdcxx-pch --enable-libstdcxx-time=yes --enable-libstdcxx-filesystem-ts --target=arm-none-eabi --with-newlib --with-headers=../../newlib-4.1.0/newlib/libc/include --prefix=/home/davem/projects/devkitpro/tool-packages/devkitARM/src/build/devkitARM --enable-lto --with-system-zlib --disable-tm-clone-registry --disable-__cxa_atexit --with-bugurl=http://wiki.devkitpro.org/index.php/Bug_Reports --with-pkgversion='devkitARM release 56' --build=x86_64-unknown-linux-gnu --with-gmp=/opt/devkitpro/crosstools/x86_64-linux-gnu --with-mpfr=/opt/devkitpro/crosstools/x86_64-linux-gnu --with-mpc=/opt/devkitpro/crosstools/x86_64-linux-gnu --with-isl=/opt/devkitpro/crosstools/x86_64-linux-gnu --with-zstd=/opt/devkitpro/crosstools/x86_64-linux-gnu
Thread model: single
Supported LTO compression algorithms: zlib zstd
gcc version 11.1.0 (devkitARM release 56) 
COLLECT_GCC_OPTIONS='-D' 'ARM11' '-D' '_3DS' '-mword-relocations'  '-mtune=mpcore' '-mfloat-abi=hard' '-mfpu=vfpv2' '-mtp=soft' '-v' '-o' 'CMakeFiles/cmTC_fd0a0.dir/CMakeCCompilerABI.c.obj' '-c' '-marm' '-march=armv6k' '-dumpdir' 'CMakeFiles/cmTC_fd0a0.dir/'
 /opt/devkitpro/devkitARM/bin/../libexec/gcc/arm-none-eabi/11.1.0/cc1 -quiet -v -imultilib armv6k/fpu -iprefix /opt/devkitpro/devkitARM/bin/../lib/gcc/arm-none-eabi/11.1.0/ -D__USES_INITFINI__ -D ARM11 -D _3DS /usr/local/share/cmake-3.21/Modules/CMakeCCompilerABI.c -quiet -dumpdir CMakeFiles/cmTC_fd0a0.dir/ -dumpbase CMakeCCompilerABI.c.c -dumpbase-ext .c -mword-relocations -mtune=mpcore -mfloat-abi=hard -mfpu=vfpv2 -mtp=soft -marm -march=armv6k -version -o /tmp/ccDU6Qbm.s
GNU C17 (devkitARM release 56) version 11.1.0 (arm-none-eabi)
	compiled by GNU C version 6.3.0 20170516, GMP version 6.1.0, MPFR version 3.1.4, MPC version 1.0.3, isl version isl-0.18-GMP

GGC heuristics: --param ggc-min-expand=100 --param ggc-min-heapsize=131072
ignoring nonexistent directory "/opt/devkitpro/devkitARM/bin/../lib/gcc/arm-none-eabi/11.1.0/../../../../arm-none-eabi/sys-include"
ignoring duplicate directory "/opt/devkitpro/devkitARM/bin/../lib/gcc/../../lib/gcc/arm-none-eabi/11.1.0/include"
ignoring duplicate directory "/opt/devkitpro/devkitARM/bin/../lib/gcc/../../lib/gcc/arm-none-eabi/11.1.0/include-fixed"
ignoring nonexistent directory "/opt/devkitpro/devkitARM/bin/../lib/gcc/../../lib/gcc/arm-none-eabi/11.1.0/../../../../arm-none-eabi/sys-include"
ignoring duplicate directory "/opt/devkitpro/devkitARM/bin/../lib/gcc/../../lib/gcc/arm-none-eabi/11.1.0/../../../../arm-none-eabi/include"
#include "..." search starts here:
#include <...> search starts here:
 /opt/devkitpro/devkitARM/bin/../lib/gcc/arm-none-eabi/11.1.0/include
 /opt/devkitpro/devkitARM/bin/../lib/gcc/arm-none-eabi/11.1.0/include-fixed
 /opt/devkitpro/devkitARM/bin/../lib/gcc/arm-none-eabi/11.1.0/../../../../arm-none-eabi/include
End of search list.
GNU C17 (devkitARM release 56) version 11.1.0 (arm-none-eabi)
	compiled by GNU C version 6.3.0 20170516, GMP version 6.1.0, MPFR version 3.1.4, MPC version 1.0.3, isl version isl-0.18-GMP

GGC heuristics: --param ggc-min-expand=100 --param ggc-min-heapsize=131072
Compiler executable checksum: bf6657355cbf3502cd2ecbb6d02dd6b4
COLLECT_GCC_OPTIONS='-D' 'ARM11' '-D' '_3DS' '-mword-relocations'  '-mtune=mpcore' '-mfloat-abi=hard' '-mfpu=vfpv2' '-mtp=soft' '-v' '-o' 'CMakeFiles/cmTC_fd0a0.dir/CMakeCCompilerABI.c.obj' '-c' '-marm' '-march=armv6k' '-dumpdir' 'CMakeFiles/cmTC_fd0a0.dir/'
 /opt/devkitpro/devkitARM/bin/../lib/gcc/arm-none-eabi/11.1.0/../../../../arm-none-eabi/bin/as -v -march=armv6k -mfloat-abi=hard -mfpu=vfpv2 -meabi=5 -o CMakeFiles/cmTC_fd0a0.dir/CMakeCCompilerABI.c.obj /tmp/ccDU6Qbm.s
GNU assembler version 2.36.1 (arm-none-eabi) using BFD version (GNU Binutils) 2.36.1
COMPILER_PATH=/opt/devkitpro/devkitARM/bin/../libexec/gcc/arm-none-eabi/11.1.0/:/opt/devkitpro/devkitARM/bin/../libexec/gcc/:/opt/devkitpro/devkitARM/bin/../lib/gcc/arm-none-eabi/11.1.0/../../../../arm-none-eabi/bin/
LIBRARY_PATH=/opt/devkitpro/devkitARM/bin/../lib/gcc/arm-none-eabi/11.1.0/armv6k/fpu/:/opt/devkitpro/devkitARM/bin/../lib/gcc/arm-none-eabi/11.1.0/../../../../arm-none-eabi/lib/armv6k/fpu/:/opt/devkitpro/devkitARM/bin/../lib/gcc/arm-none-eabi/11.1.0/:/opt/devkitpro/devkitARM/bin/../lib/gcc/:/opt/devkitpro/devkitARM/bin/../lib/gcc/arm-none-eabi/11.1.0/../../../../arm-none-eabi/lib/
COLLECT_GCC_OPTIONS='-D' 'ARM11' '-D' '_3DS' '-mword-relocations'  '-mtune=mpcore' '-mfloat-abi=hard' '-mfpu=vfpv2' '-mtp=soft' '-v' '-o' 'CMakeFiles/cmTC_fd0a0.dir/CMakeCCompilerABI.c.obj' '-c' '-marm' '-march=armv6k' '-dumpdir' 'CMakeFiles/cmTC_fd0a0.dir/CMakeCCompilerABI.c.'
Linking C executable cmTC_fd0a0
/usr/local/bin/cmake -E cmake_link_script CMakeFiles/cmTC_fd0a0.dir/link.txt --verbose=1
/opt/devkitpro/devkitARM/bin/arm-none-eabi-gcc  -mword-relocations -march=armv6k -mtune=mpcore -mfloat-abi=hard -mfpu=vfpv2 -mtp=soft    -v CMakeFiles/cmTC_fd0a0.dir/CMakeCCompilerABI.c.obj -o cmTC_fd0a0 
Using built-in specs.
COLLECT_GCC=/opt/devkitpro/devkitARM/bin/arm-none-eabi-gcc
COLLECT_LTO_WRAPPER=/opt/devkitpro/devkitARM/bin/../libexec/gcc/arm-none-eabi/11.1.0/lto-wrapper
Target: arm-none-eabi
Configured with: ../../gcc-11.1.0/configure --enable-languages=c,c++,objc,lto --with-gnu-as --with-gnu-ld --with-gcc --with-march=armv4t --enable-cxx-flags=-ffunction-sections --disable-libstdcxx-verbose --enable-poison-system-directories --enable-interwork --enable-multilib --enable-threads --disable-win32-registry --disable-nls --disable-debug --disable-libmudflap --disable-libssp --disable-libgomp --disable-libstdcxx-pch --enable-libstdcxx-time=yes --enable-libstdcxx-filesystem-ts --target=arm-none-eabi --with-newlib --with-headers=../../newlib-4.1.0/newlib/libc/include --prefix=/home/davem/projects/devkitpro/tool-packages/devkitARM/src/build/devkitARM --enable-lto --with-system-zlib --disable-tm-clone-registry --disable-__cxa_atexit --with-bugurl=http://wiki.devkitpro.org/index.php/Bug_Reports --with-pkgversion='devkitARM release 56' --build=x86_64-unknown-linux-gnu --with-gmp=/opt/devkitpro/crosstools/x86_64-linux-gnu --with-mpfr=/opt/devkitpro/crosstools/x86_64-linux-gnu --with-mpc=/opt/devkitpro/crosstools/x86_64-linux-gnu --with-isl=/opt/devkitpro/crosstools/x86_64-linux-gnu --with-zstd=/opt/devkitpro/crosstools/x86_64-linux-gnu
Thread model: single
Supported LTO compression algorithms: zlib zstd
gcc version 11.1.0 (devkitARM release 56) 
COMPILER_PATH=/opt/devkitpro/devkitARM/bin/../libexec/gcc/arm-none-eabi/11.1.0/:/opt/devkitpro/devkitARM/bin/../libexec/gcc/:/opt/devkitpro/devkitARM/bin/../lib/gcc/arm-none-eabi/11.1.0/../../../../arm-none-eabi/bin/
LIBRARY_PATH=/opt/devkitpro/devkitARM/bin/../lib/gcc/arm-none-eabi/11.1.0/armv6k/fpu/:/opt/devkitpro/devkitARM/bin/../lib/gcc/arm-none-eabi/11.1.0/../../../../arm-none-eabi/lib/armv6k/fpu/:/opt/devkitpro/devkitARM/bin/../lib/gcc/arm-none-eabi/11.1.0/:/opt/devkitpro/devkitARM/bin/../lib/gcc/:/opt/devkitpro/devkitARM/bin/../lib/gcc/arm-none-eabi/11.1.0/../../../../arm-none-eabi/lib/
COLLECT_GCC_OPTIONS='-mword-relocations'  '-mtune=mpcore' '-mfloat-abi=hard' '-mfpu=vfpv2' '-mtp=soft' '-v' '-o' 'cmTC_fd0a0' '-marm' '-march=armv6k' '-dumpdir' 'cmTC_fd0a0.'
 /opt/devkitpro/devkitARM/bin/../libexec/gcc/arm-none-eabi/11.1.0/collect2 -plugin /opt/devkitpro/devkitARM/bin/../libexec/gcc/arm-none-eabi/11.1.0/liblto_plugin.so -plugin-opt=/opt/devkitpro/devkitARM/bin/../libexec/gcc/arm-none-eabi/11.1.0/lto-wrapper -plugin-opt=-fresolution=/tmp/cc9duzcO.res -plugin-opt=-pass-through=-lgcc -plugin-opt=-pass-through=-lc -plugin-opt=-pass-through=-lsysbase -X -o cmTC_fd0a0 /opt/devkitpro/devkitARM/bin/../lib/gcc/arm-none-eabi/11.1.0/armv6k/fpu/crti.o /opt/devkitpro/devkitARM/bin/../lib/gcc/arm-none-eabi/11.1.0/armv6k/fpu/crtbegin.o -L/opt/devkitpro/devkitARM/bin/../lib/gcc/arm-none-eabi/11.1.0/armv6k/fpu -L/opt/devkitpro/devkitARM/bin/../lib/gcc/arm-none-eabi/11.1.0/../../../../arm-none-eabi/lib/armv6k/fpu -L/opt/devkitpro/devkitARM/bin/../lib/gcc/arm-none-eabi/11.1.0 -L/opt/devkitpro/devkitARM/bin/../lib/gcc -L/opt/devkitpro/devkitARM/bin/../lib/gcc/arm-none-eabi/11.1.0/../../../../arm-none-eabi/lib CMakeFiles/cmTC_fd0a0.dir/CMakeCCompilerABI.c.obj --start-group -lgcc -lc -lsysbase --end-group /opt/devkitpro/devkitARM/bin/../lib/gcc/arm-none-eabi/11.1.0/armv6k/fpu/crtend.o /opt/devkitpro/devkitARM/bin/../lib/gcc/arm-none-eabi/11.1.0/armv6k/fpu/crtn.o
/opt/devkitpro/devkitARM/bin/../lib/gcc/arm-none-eabi/11.1.0/../../../../arm-none-eabi/bin/ld: warning: cannot find entry symbol _start; defaulting to 0000000000008018
COLLECT_GCC_OPTIONS='-mword-relocations'  '-mtune=mpcore' '-mfloat-abi=hard' '-mfpu=vfpv2' '-mtp=soft' '-v' '-o' 'cmTC_fd0a0' '-marm' '-march=armv6k' '-dumpdir' 'cmTC_fd0a0.'
make[2]: warning:  Clock skew detected.  Your build may be incomplete.
make[2]: Leaving directory '/mnt/c/Users/Evan/Projects/mm3dr/code/loader/build/CMakeFiles/CMakeTmp'
make[1]: warning:  Clock skew detected.  Your build may be incomplete.
make[1]: Leaving directory '/mnt/c/Users/Evan/Projects/mm3dr/code/loader/build/CMakeFiles/CMakeTmp'



Parsed C implicit include dir info from above output: rv=done
  found start of include info
  found start of implicit include info
    add: [/opt/devkitpro/devkitARM/bin/../lib/gcc/arm-none-eabi/11.1.0/include]
    add: [/opt/devkitpro/devkitARM/bin/../lib/gcc/arm-none-eabi/11.1.0/include-fixed]
    add: [/opt/devkitpro/devkitARM/bin/../lib/gcc/arm-none-eabi/11.1.0/../../../../arm-none-eabi/include]
  end of search list found
  collapse include dir [/opt/devkitpro/devkitARM/bin/../lib/gcc/arm-none-eabi/11.1.0/include] ==> [/opt/devkitpro/devkitARM/lib/gcc/arm-none-eabi/11.1.0/include]
  collapse include dir [/opt/devkitpro/devkitARM/bin/../lib/gcc/arm-none-eabi/11.1.0/include-fixed] ==> [/opt/devkitpro/devkitARM/lib/gcc/arm-none-eabi/11.1.0/include-fixed]
  collapse include dir [/opt/devkitpro/devkitARM/bin/../lib/gcc/arm-none-eabi/11.1.0/../../../../arm-none-eabi/include] ==> [/opt/devkitpro/devkitARM/arm-none-eabi/include]
  implicit include dirs: [/opt/devkitpro/devkitARM/lib/gcc/arm-none-eabi/11.1.0/include;/opt/devkitpro/devkitARM/lib/gcc/arm-none-eabi/11.1.0/include-fixed;/opt/devkitpro/devkitARM/arm-none-eabi/include]


Parsed C implicit link information from above output:
  link line regex: [^( *|.*[/\])(arm-none-eabi-ld|CMAKE_LINK_STARTFILE-NOTFOUND|([^/\]+-)?ld|collect2)[^/\]*( |$)]
  ignore line: [Change Dir: /mnt/c/Users/Evan/Projects/mm3dr/code/loader/build/CMakeFiles/CMakeTmp]
  ignore line: []
  ignore line: [Run Build Command(s):/usr/bin/make -f Makefile cmTC_fd0a0/fast && make[1]: Entering directory '/mnt/c/Users/Evan/Projects/mm3dr/code/loader/build/CMakeFiles/CMakeTmp']
  ignore line: [make[1]: Warning: File 'Makefile' has modification time 0.037 s in the future]
  ignore line: [/usr/bin/make  -f CMakeFiles/cmTC_fd0a0.dir/build.make CMakeFiles/cmTC_fd0a0.dir/build]
  ignore line: [make[2]: Entering directory '/mnt/c/Users/Evan/Projects/mm3dr/code/loader/build/CMakeFiles/CMakeTmp']
  ignore line: [make[2]: Warning: File 'CMakeFiles/cmTC_fd0a0.dir/flags.make' has modification time 0.019 s in the future]
  ignore line: [Building C object CMakeFiles/cmTC_fd0a0.dir/CMakeCCompilerABI.c.obj]
  ignore line: [/opt/devkitpro/devkitARM/bin/arm-none-eabi-gcc -DARM11 -D_3DS  -mword-relocations -march=armv6k -mtune=mpcore -mfloat-abi=hard -mfpu=vfpv2 -mtp=soft     -v -o CMakeFiles/cmTC_fd0a0.dir/CMakeCCompilerABI.c.obj -c /usr/local/share/cmake-3.21/Modules/CMakeCCompilerABI.c]
  ignore line: [Using built-in specs.]
  ignore line: [COLLECT_GCC=/opt/devkitpro/devkitARM/bin/arm-none-eabi-gcc]
  ignore line: [Target: arm-none-eabi]
  ignore line: [Configured with: ../../gcc-11.1.0/configure --enable-languages=c,c++,objc,lto --with-gnu-as --with-gnu-ld --with-gcc --with-march=armv4t --enable-cxx-flags=-ffunction-sections --disable-libstdcxx-verbose --enable-poison-system-directories --enable-interwork --enable-multilib --enable-threads --disable-win32-registry --disable-nls --disable-debug --disable-libmudflap --disable-libssp --disable-libgomp --disable-libstdcxx-pch --enable-libstdcxx-time=yes --enable-libstdcxx-filesystem-ts --target=arm-none-eabi --with-newlib --with-headers=../../newlib-4.1.0/newlib/libc/include --prefix=/home/davem/projects/devkitpro/tool-packages/devkitARM/src/build/devkitARM --enable-lto --with-system-zlib --disable-tm-clone-registry --disable-__cxa_atexit --with-bugurl=http://wiki.devkitpro.org/index.php/Bug_Reports --with-pkgversion='devkitARM release 56' --build=x86_64-unknown-linux-gnu --with-gmp=/opt/devkitpro/crosstools/x86_64-linux-gnu --with-mpfr=/opt/devkitpro/crosstools/x86_64-linux-gnu --with-mpc=/opt/devkitpro/crosstools/x86_64-linux-gnu --with-isl=/opt/devkitpro/crosstools/x86_64-linux-gnu --with-zstd=/opt/devkitpro/crosstools/x86_64-linux-gnu]
  ignore line: [Thread model: single]
  ignore line: [Supported LTO compression algorithms: zlib zstd]
  ignore line: [gcc version 11.1.0 (devkitARM release 56) ]
  ignore line: [COLLECT_GCC_OPTIONS='-D' 'ARM11' '-D' '_3DS' '-mword-relocations'  '-mtune=mpcore' '-mfloat-abi=hard' '-mfpu=vfpv2' '-mtp=soft' '-v' '-o' 'CMakeFiles/cmTC_fd0a0.dir/CMakeCCompilerABI.c.obj' '-c' '-marm' '-march=armv6k' '-dumpdir' 'CMakeFiles/cmTC_fd0a0.dir/']
  ignore line: [ /opt/devkitpro/devkitARM/bin/../libexec/gcc/arm-none-eabi/11.1.0/cc1 -quiet -v -imultilib armv6k/fpu -iprefix /opt/devkitpro/devkitARM/bin/../lib/gcc/arm-none-eabi/11.1.0/ -D__USES_INITFINI__ -D ARM11 -D _3DS /usr/local/share/cmake-3.21/Modules/CMakeCCompilerABI.c -quiet -dumpdir CMakeFiles/cmTC_fd0a0.dir/ -dumpbase CMakeCCompilerABI.c.c -dumpbase-ext .c -mword-relocations -mtune=mpcore -mfloat-abi=hard -mfpu=vfpv2 -mtp=soft -marm -march=armv6k -version -o /tmp/ccDU6Qbm.s]
  ignore line: [GNU C17 (devkitARM release 56) version 11.1.0 (arm-none-eabi)]
  ignore line: [	compiled by GNU C version 6.3.0 20170516  GMP version 6.1.0  MPFR version 3.1.4  MPC version 1.0.3  isl version isl-0.18-GMP]
  ignore line: []
  ignore line: [GGC heuristics: --param ggc-min-expand=100 --param ggc-min-heapsize=131072]
  ignore line: [ignoring nonexistent directory "/opt/devkitpro/devkitARM/bin/../lib/gcc/arm-none-eabi/11.1.0/../../../../arm-none-eabi/sys-include"]
  ignore line: [ignoring duplicate directory "/opt/devkitpro/devkitARM/bin/../lib/gcc/../../lib/gcc/arm-none-eabi/11.1.0/include"]
  ignore line: [ignoring duplicate directory "/opt/devkitpro/devkitARM/bin/../lib/gcc/../../lib/gcc/arm-none-eabi/11.1.0/include-fixed"]
  ignore line: [ignoring nonexistent directory "/opt/devkitpro/devkitARM/bin/../lib/gcc/../../lib/gcc/arm-none-eabi/11.1.0/../../../../arm-none-eabi/sys-include"]
  ignore line: [ignoring duplicate directory "/opt/devkitpro/devkitARM/bin/../lib/gcc/../../lib/gcc/arm-none-eabi/11.1.0/../../../../arm-none-eabi/include"]
  ignore line: [#include "..." search starts here:]
  ignore line: [#include <...> search starts here:]
  ignore line: [ /opt/devkitpro/devkitARM/bin/../lib/gcc/arm-none-eabi/11.1.0/include]
  ignore line: [ /opt/devkitpro/devkitARM/bin/../lib/gcc/arm-none-eabi/11.1.0/include-fixed]
  ignore line: [ /opt/devkitpro/devkitARM/bin/../lib/gcc/arm-none-eabi/11.1.0/../../../../arm-none-eabi/include]
  ignore line: [End of search list.]
  ignore line: [GNU C17 (devkitARM release 56) version 11.1.0 (arm-none-eabi)]
  ignore line: [	compiled by GNU C version 6.3.0 20170516  GMP version 6.1.0  MPFR version 3.1.4  MPC version 1.0.3  isl version isl-0.18-GMP]
  ignore line: []
  ignore line: [GGC heuristics: --param ggc-min-expand=100 --param ggc-min-heapsize=131072]
  ignore line: [Compiler executable checksum: bf6657355cbf3502cd2ecbb6d02dd6b4]
  ignore line: [COLLECT_GCC_OPTIONS='-D' 'ARM11' '-D' '_3DS' '-mword-relocations'  '-mtune=mpcore' '-mfloat-abi=hard' '-mfpu=vfpv2' '-mtp=soft' '-v' '-o' 'CMakeFiles/cmTC_fd0a0.dir/CMakeCCompilerABI.c.obj' '-c' '-marm' '-march=armv6k' '-dumpdir' 'CMakeFiles/cmTC_fd0a0.dir/']
  ignore line: [ /opt/devkitpro/devkitARM/bin/../lib/gcc/arm-none-eabi/11.1.0/../../../../arm-none-eabi/bin/as -v -march=armv6k -mfloat-abi=hard -mfpu=vfpv2 -meabi=5 -o CMakeFiles/cmTC_fd0a0.dir/CMakeCCompilerABI.c.obj /tmp/ccDU6Qbm.s]
  ignore line: [GNU assembler version 2.36.1 (arm-none-eabi) using BFD version (GNU Binutils) 2.36.1]
  ignore line: [COMPILER_PATH=/opt/devkitpro/devkitARM/bin/../libexec/gcc/arm-none-eabi/11.1.0/:/opt/devkitpro/devkitARM/bin/../libexec/gcc/:/opt/devkitpro/devkitARM/bin/../lib/gcc/arm-none-eabi/11.1.0/../../../../arm-none-eabi/bin/]
  ignore line: [LIBRARY_PATH=/opt/devkitpro/devkitARM/bin/../lib/gcc/arm-none-eabi/11.1.0/armv6k/fpu/:/opt/devkitpro/devkitARM/bin/../lib/gcc/arm-none-eabi/11.1.0/../../../../arm-none-eabi/lib/armv6k/fpu/:/opt/devkitpro/devkitARM/bin/../lib/gcc/arm-none-eabi/11.1.0/:/opt/devkitpro/devkitARM/bin/../lib/gcc/:/opt/devkitpro/devkitARM/bin/../lib/gcc/arm-none-eabi/11.1.0/../../../../arm-none-eabi/lib/]
  ignore line: [COLLECT_GCC_OPTIONS='-D' 'ARM11' '-D' '_3DS' '-mword-relocations'  '-mtune=mpcore' '-mfloat-abi=hard' '-mfpu=vfpv2' '-mtp=soft' '-v' '-o' 'CMakeFiles/cmTC_fd0a0.dir/CMakeCCompilerABI.c.obj' '-c' '-marm' '-march=armv6k' '-dumpdir' 'CMakeFiles/cmTC_fd0a0.dir/CMakeCCompilerABI.c.']
  ignore line: [Linking C executable cmTC_fd0a0]
  ignore line: [/usr/local/bin/cmake -E cmake_link_script CMakeFiles/cmTC_fd0a0.dir/link.txt --verbose=1]
  ignore line: [/opt/devkitpro/devkitARM/bin/arm-none-eabi-gcc  -mword-relocations -march=armv6k -mtune=mpcore -mfloat-abi=hard -mfpu=vfpv2 -mtp=soft    -v CMakeFiles/cmTC_fd0a0.dir/CMakeCCompilerABI.c.obj -o cmTC_fd0a0 ]
  ignore line: [Using built-in specs.]
  ignore line: [COLLECT_GCC=/opt/devkitpro/devkitARM/bin/arm-none-eabi-gcc]
  ignore line: [COLLECT_LTO_WRAPPER=/opt/devkitpro/devkitARM/bin/../libexec/gcc/arm-none-eabi/11.1.0/lto-wrapper]
  ignore line: [Target: arm-none-eabi]
  ignore line: [Configured with: ../../gcc-11.1.0/configure --enable-languages=c,c++,objc,lto --with-gnu-as --with-gnu-ld --with-gcc --with-march=armv4t --enable-cxx-flags=-ffunction-sections --disable-libstdcxx-verbose --enable-poison-system-directories --enable-interwork --enable-multilib --enable-threads --disable-win32-registry --disable-nls --disable-debug --disable-libmudflap --disable-libssp --disable-libgomp --disable-libstdcxx-pch --enable-libstdcxx-time=yes --enable-libstdcxx-filesystem-ts --target=arm-none-eabi --with-newlib --with-headers=../../newlib-4.1.0/newlib/libc/include --prefix=/home/davem/projects/devkitpro/tool-packages/devkitARM/src/build/devkitARM --enable-lto --with-system-zlib --disable-tm-clone-registry --disable-__cxa_atexit --with-bugurl=http://wiki.devkitpro.org/index.php/Bug_Reports --with-pkgversion='devkitARM release 56' --build=x86_64-unknown-linux-gnu --with-gmp=/opt/devkitpro/crosstools/x86_64-linux-gnu --with-mpfr=/opt/devkitpro/crosstools/x86_64-linux-gnu --with-mpc=/opt/devkitpro/crosstools/x86_64-linux-gnu --with-isl=/opt/devkitpro/crosstools/x86_64-linux-gnu --with-zstd=/opt/devkitpro/crosstools/x86_64-linux-gnu]
  ignore line: [Thread model: single]
  ignore line: [Supported LTO compression algorithms: zlib zstd]
  ignore line: [gcc version 11.1.0 (devkitARM release 56) ]
  ignore line: [COMPILER_PATH=/opt/devkitpro/devkitARM/bin/../libexec/gcc/arm-none-eabi/11.1.0/:/opt/devkitpro/devkitARM/bin/../libexec/gcc/:/opt/devkitpro/devkitARM/bin/../lib/gcc/arm-none-eabi/11.1.0/../../../../arm-none-eabi/bin/]
  ignore line: [LIBRARY_PATH=/opt/devkitpro/devkitARM/bin/../lib/gcc/arm-none-eabi/11.1.0/armv6k/fpu/:/opt/devkitpro/devkitARM/bin/../lib/gcc/arm-none-eabi/11.1.0/../../../../arm-none-eabi/lib/armv6k/fpu/:/opt/devkitpro/devkitARM/bin/../lib/gcc/arm-none-eabi/11.1.0/:/opt/devkitpro/devkitARM/bin/../lib/gcc/:/opt/devkitpro/devkitARM/bin/../lib/gcc/arm-none-eabi/11.1.0/../../../../arm-none-eabi/lib/]
  ignore line: [COLLECT_GCC_OPTIONS='-mword-relocations'  '-mtune=mpcore' '-mfloat-abi=hard' '-mfpu=vfpv2' '-mtp=soft' '-v' '-o' 'cmTC_fd0a0' '-marm' '-march=armv6k' '-dumpdir' 'cmTC_fd0a0.']
  link line: [ /opt/devkitpro/devkitARM/bin/../libexec/gcc/arm-none-eabi/11.1.0/collect2 -plugin /opt/devkitpro/devkitARM/bin/../libexec/gcc/arm-none-eabi/11.1.0/liblto_plugin.so -plugin-opt=/opt/devkitpro/devkitARM/bin/../libexec/gcc/arm-none-eabi/11.1.0/lto-wrapper -plugin-opt=-fresolution=/tmp/cc9duzcO.res -plugin-opt=-pass-through=-lgcc -plugin-opt=-pass-through=-lc -plugin-opt=-pass-through=-lsysbase -X -o cmTC_fd0a0 /opt/devkitpro/devkitARM/bin/../lib/gcc/arm-none-eabi/11.1.0/armv6k/fpu/crti.o /opt/devkitpro/devkitARM/bin/../lib/gcc/arm-none-eabi/11.1.0/armv6k/fpu/crtbegin.o -L/opt/devkitpro/devkitARM/bin/../lib/gcc/arm-none-eabi/11.1.0/armv6k/fpu -L/opt/devkitpro/devkitARM/bin/../lib/gcc/arm-none-eabi/11.1.0/../../../../arm-none-eabi/lib/armv6k/fpu -L/opt/devkitpro/devkitARM/bin/../lib/gcc/arm-none-eabi/11.1.0 -L/opt/devkitpro/devkitARM/bin/../lib/gcc -L/opt/devkitpro/devkitARM/bin/../lib/gcc/arm-none-eabi/11.1.0/../../../../arm-none-eabi/lib CMakeFiles/cmTC_fd0a0.dir/CMakeCCompilerABI.c.obj --start-group -lgcc -lc -lsysbase --end-group /opt/devkitpro/devkitARM/bin/../lib/gcc/arm-none-eabi/11.1.0/armv6k/fpu/crtend.o /opt/devkitpro/devkitARM/bin/../lib/gcc/arm-none-eabi/11.1.0/armv6k/fpu/crtn.o]
    arg [/opt/devkitpro/devkitARM/bin/../libexec/gcc/arm-none-eabi/11.1.0/collect2] ==> ignore
    arg [-plugin] ==> ignore
    arg [/opt/devkitpro/devkitARM/bin/../libexec/gcc/arm-none-eabi/11.1.0/liblto_plugin.so] ==> ignore
    arg [-plugin-opt=/opt/devkitpro/devkitARM/bin/../libexec/gcc/arm-none-eabi/11.1.0/lto-wrapper] ==> ignore
    arg [-plugin-opt=-fresolution=/tmp/cc9duzcO.res] ==> ignore
    arg [-plugin-opt=-pass-through=-lgcc] ==> ignore
    arg [-plugin-opt=-pass-through=-lc] ==> ignore
    arg [-plugin-opt=-pass-through=-lsysbase] ==> ignore
    arg [-X] ==> ignore
    arg [-o] ==> ignore
    arg [cmTC_fd0a0] ==> ignore
    arg [/opt/devkitpro/devkitARM/bin/../lib/gcc/arm-none-eabi/11.1.0/armv6k/fpu/crti.o] ==> obj [/opt/devkitpro/devkitARM/bin/../lib/gcc/arm-none-eabi/11.1.0/armv6k/fpu/crti.o]
    arg [/opt/devkitpro/devkitARM/bin/../lib/gcc/arm-none-eabi/11.1.0/armv6k/fpu/crtbegin.o] ==> obj [/opt/devkitpro/devkitARM/bin/../lib/gcc/arm-none-eabi/11.1.0/armv6k/fpu/crtbegin.o]
    arg [-L/opt/devkitpro/devkitARM/bin/../lib/gcc/arm-none-eabi/11.1.0/armv6k/fpu] ==> dir [/opt/devkitpro/devkitARM/bin/../lib/gcc/arm-none-eabi/11.1.0/armv6k/fpu]
    arg [-L/opt/devkitpro/devkitARM/bin/../lib/gcc/arm-none-eabi/11.1.0/../../../../arm-none-eabi/lib/armv6k/fpu] ==> dir [/opt/devkitpro/devkitARM/bin/../lib/gcc/arm-none-eabi/11.1.0/../../../../arm-none-eabi/lib/armv6k/fpu]
    arg [-L/opt/devkitpro/devkitARM/bin/../lib/gcc/arm-none-eabi/11.1.0] ==> dir [/opt/devkitpro/devkitARM/bin/../lib/gcc/arm-none-eabi/11.1.0]
    arg [-L/opt/devkitpro/devkitARM/bin/../lib/gcc] ==> dir [/opt/devkitpro/devkitARM/bin/../lib/gcc]
    arg [-L/opt/devkitpro/devkitARM/bin/../lib/gcc/arm-none-eabi/11.1.0/../../../../arm-none-eabi/lib] ==> dir [/opt/devkitpro/devkitARM/bin/../lib/gcc/arm-none-eabi/11.1.0/../../../../arm-none-eabi/lib]
    arg [CMakeFiles/cmTC_fd0a0.dir/CMakeCCompilerABI.c.obj] ==> ignore
    arg [--start-group] ==> ignore
    arg [-lgcc] ==> lib [gcc]
    arg [-lc] ==> lib [c]
    arg [-lsysbase] ==> lib [sysbase]
    arg [--end-group] ==> ignore
    arg [/opt/devkitpro/devkitARM/bin/../lib/gcc/arm-none-eabi/11.1.0/armv6k/fpu/crtend.o] ==> obj [/opt/devkitpro/devkitARM/bin/../lib/gcc/arm-none-eabi/11.1.0/armv6k/fpu/crtend.o]
    arg [/opt/devkitpro/devkitARM/bin/../lib/gcc/arm-none-eabi/11.1.0/armv6k/fpu/crtn.o] ==> obj [/opt/devkitpro/devkitARM/bin/../lib/gcc/arm-none-eabi/11.1.0/armv6k/fpu/crtn.o]
  collapse obj [/opt/devkitpro/devkitARM/bin/../lib/gcc/arm-none-eabi/11.1.0/armv6k/fpu/crti.o] ==> [/opt/devkitpro/devkitARM/lib/gcc/arm-none-eabi/11.1.0/armv6k/fpu/crti.o]
  collapse obj [/opt/devkitpro/devkitARM/bin/../lib/gcc/arm-none-eabi/11.1.0/armv6k/fpu/crtbegin.o] ==> [/opt/devkitpro/devkitARM/lib/gcc/arm-none-eabi/11.1.0/armv6k/fpu/crtbegin.o]
  collapse obj [/opt/devkitpro/devkitARM/bin/../lib/gcc/arm-none-eabi/11.1.0/armv6k/fpu/crtend.o] ==> [/opt/devkitpro/devkitARM/lib/gcc/arm-none-eabi/11.1.0/armv6k/fpu/crtend.o]
  collapse obj [/opt/devkitpro/devkitARM/bin/../lib/gcc/arm-none-eabi/11.1.0/armv6k/fpu/crtn.o] ==> [/opt/devkitpro/devkitARM/lib/gcc/arm-none-eabi/11.1.0/armv6k/fpu/crtn.o]
  collapse library dir [/opt/devkitpro/devkitARM/bin/../lib/gcc/arm-none-eabi/11.1.0/armv6k/fpu] ==> [/opt/devkitpro/devkitARM/lib/gcc/arm-none-eabi/11.1.0/armv6k/fpu]
  collapse library dir [/opt/devkitpro/devkitARM/bin/../lib/gcc/arm-none-eabi/11.1.0/../../../../arm-none-eabi/lib/armv6k/fpu] ==> [/opt/devkitpro/devkitARM/arm-none-eabi/lib/armv6k/fpu]
  collapse library dir [/opt/devkitpro/devkitARM/bin/../lib/gcc/arm-none-eabi/11.1.0] ==> [/opt/devkitpro/devkitARM/lib/gcc/arm-none-eabi/11.1.0]
  collapse library dir [/opt/devkitpro/devkitARM/bin/../lib/gcc] ==> [/opt/devkitpro/devkitARM/lib/gcc]
  collapse library dir [/opt/devkitpro/devkitARM/bin/../lib/gcc/arm-none-eabi/11.1.0/../../../../arm-none-eabi/lib] ==> [/opt/devkitpro/devkitARM/arm-none-eabi/lib]
  implicit libs: [gcc;c;sysbase]
  implicit objs: [/opt/devkitpro/devkitARM/lib/gcc/arm-none-eabi/11.1.0/armv6k/fpu/crti.o;/opt/devkitpro/devkitARM/lib/gcc/arm-none-eabi/11.1.0/armv6k/fpu/crtbegin.o;/opt/devkitpro/devkitARM/lib/gcc/arm-none-eabi/11.1.0/armv6k/fpu/crtend.o;/opt/devkitpro/devkitARM/lib/gcc/arm-none-eabi/11.1.0/armv6k/fpu/crtn.o]
  implicit dirs: [/opt/devkitpro/devkitARM/lib/gcc/arm-none-eabi/11.1.0/armv6k/fpu;/opt/devkitpro/devkitARM/arm-none-eabi/lib/armv6k/fpu;/opt/devkitpro/devkitARM/lib/gcc/arm-none-eabi/11.1.0;/opt/devkitpro/devkitARM/lib/gcc;/opt/devkitpro/devkitARM/arm-none-eabi/lib]
  implicit fwks: []


